[0.093s] Invoking command in '/home/psh/ros_code/build/test_interfaces': /usr/bin/cmake /home/psh/ros_code/src/test_interfaces -DCMAKE_INSTALL_PREFIX=/home/psh/ros_code/install/test_interfaces
[0.114s] -- Found ament_cmake: 0.9.11 (/opt/ros/foxy/share/ament_cmake/cmake)
[0.153s] -- Found PythonInterp: /usr/bin/python3 (found suitable version "3.8.10", minimum required is "3") 
[0.154s] -- Using PYTHON_EXECUTABLE: /usr/bin/python3
[0.503s] -- Found rosidl_default_generators: 1.0.1 (/opt/ros/foxy/share/rosidl_default_generators/cmake)
[0.506s] -- Using all available rosidl_typesupport_c: rosidl_typesupport_fastrtps_c;rosidl_typesupport_introspection_c
[0.511s] -- Found rosidl_adapter: 1.3.0 (/opt/ros/foxy/share/rosidl_adapter/cmake)
[0.734s] -- Using all available rosidl_typesupport_cpp: rosidl_typesupport_fastrtps_cpp;rosidl_typesupport_introspection_cpp
[0.801s] -- Found PythonInterp: /usr/bin/python3 (found version "3.8.10") 
[0.969s] Error parsing '/home/psh/ros_code/src/test_interfaces/package.xml':
[1.140s] Traceback (most recent call last):
[1.140s]   File "/usr/lib/python3/dist-packages/catkin_pkg/package.py", line 610, in parse_package_string
[1.140s]     root = dom.parseString(data)
[1.141s]   File "/usr/lib/python3.8/xml/dom/minidom.py", line 1969, in parseString
[1.141s]     return expatbuilder.parseString(string)
[1.141s]   File "/usr/lib/python3.8/xml/dom/expatbuilder.py", line 925, in parseString
[1.141s]     return builder.parseString(string)
[1.141s]   File "/usr/lib/python3.8/xml/dom/expatbuilder.py", line 223, in parseString
[1.142s]     parser.Parse(string, True)
[1.142s] xml.parsers.expat.ExpatError: mismatched tag: line 13, column 46
[1.142s] 
[1.142s] During handling of the above exception, another exception occurred:
[1.142s] 
[1.143s] Traceback (most recent call last):
[1.143s]   File "/opt/ros/foxy/share/ament_cmake_core/cmake/core/package_xml_2_cmake.py", line 143, in <module>
[1.143s]     main()
[1.143s]   File "/opt/ros/foxy/share/ament_cmake_core/cmake/core/package_xml_2_cmake.py", line 52, in main
[1.143s]     raise e
[1.144s]   File "/opt/ros/foxy/share/ament_cmake_core/cmake/core/package_xml_2_cmake.py", line 48, in main
[1.144s]     package = parse_package_string(
[1.144s]   File "/usr/lib/python3/dist-packages/catkin_pkg/package.py", line 612, in parse_package_string
[1.145s]     raise InvalidPackage('The manifest contains invalid XML:\n%s' % ex, filename)
[1.145s] catkin_pkg.package.InvalidPackage: Error(s) in package '/home/psh/ros_code/src/test_interfaces/package.xml':
[1.145s] The manifest contains invalid XML:
[1.145s] mismatched tag: line 13, column 46
[1.179s] CMake Error at /opt/ros/foxy/share/ament_cmake_core/cmake/core/ament_package_xml.cmake:94 (message):
[1.180s]   execute_process(/usr/bin/python3
[1.180s]   /opt/ros/foxy/share/ament_cmake_core/cmake/core/package_xml_2_cmake.py
[1.180s]   /home/psh/ros_code/src/test_interfaces/package.xml
[1.180s]   /home/psh/ros_code/build/test_interfaces/ament_cmake_core/package.cmake)
[1.180s]   returned error code 1
[1.181s] Call Stack (most recent call first):
[1.181s]   /opt/ros/foxy/share/ament_cmake_core/cmake/core/ament_package_xml.cmake:49 (_ament_package_xml)
[1.181s]   /opt/ros/foxy/share/rosidl_cmake/cmake/rosidl_generate_interfaces.cmake:226 (ament_package_xml)
[1.181s]   CMakeLists.txt:22 (rosidl_generate_interfaces)
[1.181s] 
[1.182s] 
[1.183s] -- Configuring incomplete, errors occurred!
[1.183s] See also "/home/psh/ros_code/build/test_interfaces/CMakeFiles/CMakeOutput.log".
[1.191s] Invoked command in '/home/psh/ros_code/build/test_interfaces' returned '1': /usr/bin/cmake /home/psh/ros_code/src/test_interfaces -DCMAKE_INSTALL_PREFIX=/home/psh/ros_code/install/test_interfaces
