[0.081s] Invoking command in '/home/psh/ros_code/build/test_interfaces': /usr/bin/cmake /home/psh/ros_code/src/test_interfaces -DCMAKE_INSTALL_PREFIX=/home/psh/ros_code/install/test_interfaces
[0.103s] -- Found ament_cmake: 0.9.11 (/opt/ros/foxy/share/ament_cmake/cmake)
[0.151s] -- Found PythonInterp: /usr/bin/python3 (found suitable version "3.8.10", minimum required is "3") 
[0.151s] -- Using PYTHON_EXECUTABLE: /usr/bin/python3
[0.427s] -- Found rosidl_default_generators: 1.0.1 (/opt/ros/foxy/share/rosidl_default_generators/cmake)
[0.430s] -- Using all available rosidl_typesupport_c: rosidl_typesupport_fastrtps_c;rosidl_typesupport_introspection_c
[0.435s] -- Found rosidl_adapter: 1.3.0 (/opt/ros/foxy/share/rosidl_adapter/cmake)
[0.620s] -- Using all available rosidl_typesupport_cpp: rosidl_typesupport_fastrtps_cpp;rosidl_typesupport_introspection_cpp
[0.688s] -- Found PythonInterp: /usr/bin/python3 (found version "3.8.10") 
[0.863s] Error parsing '/home/psh/ros_code/src/test_interfaces/package.xml':
[1.036s] Traceback (most recent call last):
[1.037s]   File "/usr/lib/python3/dist-packages/catkin_pkg/package.py", line 610, in parse_package_string
[1.037s]     root = dom.parseString(data)
[1.037s]   File "/usr/lib/python3.8/xml/dom/minidom.py", line 1969, in parseString
[1.037s]     return expatbuilder.parseString(string)
[1.037s]   File "/usr/lib/python3.8/xml/dom/expatbuilder.py", line 925, in parseString
[1.038s]     return builder.parseString(string)
[1.038s]   File "/usr/lib/python3.8/xml/dom/expatbuilder.py", line 223, in parseString
[1.038s]     parser.Parse(string, True)
[1.038s] xml.parsers.expat.ExpatError: mismatched tag: line 13, column 46
[1.038s] 
[1.039s] During handling of the above exception, another exception occurred:
[1.039s] 
[1.039s] Traceback (most recent call last):
[1.039s]   File "/opt/ros/foxy/share/ament_cmake_core/cmake/core/package_xml_2_cmake.py", line 143, in <module>
[1.039s]     main()
[1.040s]   File "/opt/ros/foxy/share/ament_cmake_core/cmake/core/package_xml_2_cmake.py", line 52, in main
[1.040s]     raise e
[1.040s]   File "/opt/ros/foxy/share/ament_cmake_core/cmake/core/package_xml_2_cmake.py", line 48, in main
[1.040s]     package = parse_package_string(
[1.040s]   File "/usr/lib/python3/dist-packages/catkin_pkg/package.py", line 612, in parse_package_string
[1.041s]     raise InvalidPackage('The manifest contains invalid XML:\n%s' % ex, filename)
[1.041s] catkin_pkg.package.InvalidPackage: Error(s) in package '/home/psh/ros_code/src/test_interfaces/package.xml':
[1.041s] The manifest contains invalid XML:
[1.041s] mismatched tag: line 13, column 46
[1.064s] CMake Error at /opt/ros/foxy/share/ament_cmake_core/cmake/core/ament_package_xml.cmake:94 (message):
[1.064s]   execute_process(/usr/bin/python3
[1.064s]   /opt/ros/foxy/share/ament_cmake_core/cmake/core/package_xml_2_cmake.py
[1.064s]   /home/psh/ros_code/src/test_interfaces/package.xml
[1.064s]   /home/psh/ros_code/build/test_interfaces/ament_cmake_core/package.cmake)
[1.065s]   returned error code 1
[1.065s] Call Stack (most recent call first):
[1.065s]   /opt/ros/foxy/share/ament_cmake_core/cmake/core/ament_package_xml.cmake:49 (_ament_package_xml)
[1.065s]   /opt/ros/foxy/share/rosidl_cmake/cmake/rosidl_generate_interfaces.cmake:226 (ament_package_xml)
[1.065s]   CMakeLists.txt:22 (rosidl_generate_interfaces)
[1.066s] 
[1.066s] 
[1.067s] -- Configuring incomplete, errors occurred!
[1.067s] See also "/home/psh/ros_code/build/test_interfaces/CMakeFiles/CMakeOutput.log".
[1.076s] Invoked command in '/home/psh/ros_code/build/test_interfaces' returned '1': /usr/bin/cmake /home/psh/ros_code/src/test_interfaces -DCMAKE_INSTALL_PREFIX=/home/psh/ros_code/install/test_interfaces
